#
# There is insufficient memory for the Java Runtime Environment to continue.
# Native memory allocation (malloc) failed to allocate 1255776 bytes for Chunk::new
# Possible reasons:
#   The system is out of physical RAM or swap space
#   The process is running with CompressedOops enabled, and the Java Heap may be blocking the growth of the native heap
# Possible solutions:
#   Reduce memory load on the system
#   Increase physical memory or swap space
#   Check if swap backing store is full
#   Decrease Java heap size (-Xmx/-Xms)
#   Decrease number of Java threads
#   Decrease Java thread stack sizes (-Xss)
#   Set larger code cache with -XX:ReservedCodeCacheSize=
#   JVM is running with Unscaled Compressed Oops mode in which the Java heap is
#     placed in the first 4GB address space. The Java Heap base address is the
#     maximum limit for the native heap growth. Please use -XX:HeapBaseMinAddress
#     to set the Java Heap base and to place the Java Heap above 4GB virtual address.
# This output file may be truncated or incomplete.
#
#  Out of Memory Error (allocation.cpp:389), pid=11112, tid=0x0000000000003bf4
#
# JRE version: OpenJDK Runtime Environment (8.0_275-b01) (build 1.8.0_275-b01)
# Java VM: OpenJDK 64-Bit Server VM (25.275-b01 mixed mode windows-amd64 compressed oops)
# Failed to write core dump. Minidumps are not enabled by default on client versions of Windows
#

---------------  T H R E A D  ---------------

Current thread (0x0000000014083800):  JavaThread "C2 CompilerThread1" daemon [_thread_in_native, id=15348, stack(0x00000000157f0000,0x00000000158f0000)]

Stack: [0x00000000157f0000,0x00000000158f0000]
[error occurred during error reporting (printing stack bounds), id 0xc0000005]

Native frames: (J=compiled Java code, j=interpreted, Vv=VM code, C=native code)


Current CompileTask:
C2:6792707 37972 %     4       com.android.tools.r8.ir.regalloc.a::a @ 2118 (3992 bytes)


---------------  P R O C E S S  ---------------

Java Threads: ( => current thread )
  0x000000001ab6f000 JavaThread "RMI TCP Connection(idle)" daemon [_thread_blocked, id=13088, stack(0x0000000023370000,0x0000000023470000)]
  0x000000001ab75000 JavaThread "RMI TCP Connection(idle)" daemon [_thread_blocked, id=4148, stack(0x0000000023470000,0x0000000023570000)]
  0x000000001ab73800 JavaThread "RMI TCP Connection(idle)" daemon [_thread_blocked, id=13452, stack(0x0000000023270000,0x0000000023370000)]
  0x000000001ab73000 JavaThread "RMI Reaper" [_thread_blocked, id=13116, stack(0x0000000021ca0000,0x0000000021da0000)]
  0x000000001ab76800 JavaThread "RMI TCP Accept-0" daemon [_thread_in_native, id=2044, stack(0x0000000021ba0000,0x0000000021ca0000)]
  0x000000001ab6a000 JavaThread "GC Daemon" daemon [_thread_blocked, id=2960, stack(0x0000000021aa0000,0x0000000021ba0000)]
  0x000000001ab6e000 JavaThread "RMI Scheduler(0)" daemon [_thread_blocked, id=428, stack(0x00000000211a0000,0x00000000212a0000)]
  0x000000001ab68800 JavaThread "Cache worker for Java compile cache (D:\Reanimated prac\Social-media-React-Native\android\.gradle\6.7\javaCompile)" [_thread_blocked, id=13396, stack(0x00000000214a0000,0x00000000215a0000)]
  0x000000001ab6b000 JavaThread "WorkerExecutor Queue Thread 5" [_thread_blocked, id=1524, stack(0x00000000210a0000,0x00000000211a0000)]
  0x0000000027ed2000 JavaThread "stdout" [_thread_in_native, id=3276, stack(0x000000002f520000,0x000000002f620000)]
  0x0000000027ed1800 JavaThread "stderr" [_thread_in_native, id=2608, stack(0x000000002f420000,0x000000002f520000)]
  0x0000000027ed0800 JavaThread "stdout" [_thread_in_native, id=12824, stack(0x000000002f320000,0x000000002f420000)]
  0x0000000027ed7000 JavaThread "stderr" [_thread_in_native, id=940, stack(0x000000002f220000,0x000000002f320000)]
  0x0000000027ed4800 JavaThread "stdout" [_thread_in_native, id=13872, stack(0x000000002f120000,0x000000002f220000)]
  0x0000000027ed6000 JavaThread "stderr" [_thread_in_native, id=7516, stack(0x000000002f020000,0x000000002f120000)]
  0x0000000027ed5800 JavaThread "stdout" [_thread_in_native, id=3708, stack(0x000000002ef20000,0x000000002f020000)]
  0x0000000027ed3000 JavaThread "stderr" [_thread_in_native, id=10236, stack(0x000000002ee20000,0x000000002ef20000)]
  0x0000000027ed7800 JavaThread "pool-9-thread-1" [_thread_blocked, id=10376, stack(0x000000002ed20000,0x000000002ee20000)]
  0x0000000026b75800 JavaThread "WorkerExecutor Queue Thread 4" [_thread_blocked, id=12588, stack(0x000000002ea20000,0x000000002eb20000)]
  0x0000000026b74800 JavaThread "WorkerExecutor Queue Thread 3" [_thread_blocked, id=4984, stack(0x000000002e820000,0x000000002e920000)]
  0x0000000026b74000 JavaThread "WorkerExecutor Queue Thread 2" [_thread_blocked, id=13284, stack(0x000000002e720000,0x000000002e820000)]
  0x0000000026b73000 JavaThread "Cache worker for execution history cache (D:\Reanimated prac\Social-media-React-Native\android\.gradle\6.7\executionHistory)" [_thread_blocked, id=16220, stack(0x000000002e920000,0x000000002ea20000)]
  0x0000000026b77000 JavaThread "Execution worker for ':' Thread 3" [_thread_blocked, id=14956, stack(0x000000002e2b0000,0x000000002e3b0000)]
  0x0000000026b72000 JavaThread "Execution worker for ':' Thread 2" [_thread_blocked, id=14616, stack(0x000000002dfb0000,0x000000002e0b0000)]
  0x0000000026b6c000 JavaThread "Execution worker for ':'" [_thread_blocked, id=6660, stack(0x000000002deb0000,0x000000002dfb0000)]
  0x0000000026eef000 JavaThread "Build operations Thread 4" [_thread_blocked, id=15276, stack(0x000000001f190000,0x000000001f290000)]
  0x0000000026eea000 JavaThread "Build operations Thread 3" [_thread_blocked, id=9144, stack(0x000000001f090000,0x000000001f190000)]
  0x0000000026eee000 JavaThread "Build operations Thread 2" [_thread_blocked, id=5484, stack(0x000000001eb90000,0x000000001ec90000)]
  0x0000000026eed800 JavaThread "Build operations" [_thread_blocked, id=4176, stack(0x000000001cf10000,0x000000001d010000)]
  0x0000000026eec000 JavaThread "Cache worker for Build Output Cleanup Cache (D:\Reanimated prac\Social-media-React-Native\android\.gradle\buildOutputCleanup)" [_thread_blocked, id=360, stack(0x000000001bb40000,0x000000001bc40000)]
  0x0000000026ee2800 JavaThread "Cache worker for cache directory md-rule (C:\Users\TNC_10086\.gradle\caches\6.7\md-rule)" [_thread_blocked, id=13772, stack(0x000000001ba40000,0x000000001bb40000)]
  0x0000000026ee1800 JavaThread "Cache worker for cache directory md-supplier (C:\Users\TNC_10086\.gradle\caches\6.7\md-supplier)" [_thread_blocked, id=1404, stack(0x000000001b740000,0x000000001b840000)]
  0x0000000026ee8800 JavaThread "Cache worker for checksums cache (D:\Reanimated prac\Social-media-React-Native\android\.gradle\checksums)" [_thread_blocked, id=4264, stack(0x000000001b640000,0x000000001b740000)]
  0x0000000026ee7000 JavaThread "Cache worker for file hash cache (D:\Reanimated prac\Social-media-React-Native\android\.gradle\6.7\fileHashes)" [_thread_blocked, id=8668, stack(0x0000000018b40000,0x0000000018c40000)]
  0x0000000026ee5800 JavaThread "Thread-584" [_thread_blocked, id=12800, stack(0x0000000018a40000,0x0000000018b40000)]
  0x0000000026ee1000 JavaThread "Stdin handler" [_thread_blocked, id=6072, stack(0x0000000018940000,0x0000000018a40000)]
  0x0000000026ee6800 JavaThread "Asynchronous log dispatcher for DefaultDaemonConnection: socket connection from /127.0.0.1:63217 to /127.0.0.1:64933" [_thread_blocked, id=13188, stack(0x0000000018840000,0x0000000018940000)]
  0x0000000026ee0000 JavaThread "Daemon worker Thread 6" [_thread_blocked, id=14672, stack(0x0000000018340000,0x0000000018440000)]
  0x0000000026ee3000 JavaThread "Cancel handler" [_thread_blocked, id=7444, stack(0x0000000017f00000,0x0000000018000000)]
  0x0000000026ee4000 JavaThread "Handler for socket connection from /127.0.0.1:63217 to /127.0.0.1:64933" [_thread_in_native, id=13852, stack(0x0000000017e00000,0x0000000017f00000)]
  0x0000000026ee4800 JavaThread "Daemon Thread 6" [_thread_blocked, id=13204, stack(0x0000000001110000,0x0000000001210000)]
  0x0000000018ecc800 JavaThread "Device List Monitor" [_thread_in_native, id=15028, stack(0x0000000023170000,0x0000000023270000)]
  0x0000000018ec4000 JavaThread "JdwpProxyConnection" [_thread_in_native, id=15684, stack(0x0000000023070000,0x0000000023170000)]
  0x0000000018ec3000 JavaThread "Monitor" [_thread_in_native, id=15316, stack(0x0000000022d70000,0x0000000022e70000)]
  0x00000000190b0000 JavaThread "Cache worker for Java compile cache (C:\Users\TNC_10086\.gradle\caches\6.7\javaCompile)" [_thread_blocked, id=10140, stack(0x000000002b5b0000,0x000000002b6b0000)]
  0x0000000018ec8000 JavaThread "Memory manager" [_thread_blocked, id=2996, stack(0x0000000025420000,0x0000000025520000)]
  0x0000000016e6e000 JavaThread "Cache worker for file content cache (C:\Users\TNC_10086\.gradle\caches\6.7\fileContent)" [_thread_blocked, id=16224, stack(0x000000001e490000,0x000000001e590000)]
  0x00000000192e3800 JavaThread "Cache worker for execution history cache (C:\Users\TNC_10086\.gradle\caches\6.7\executionHistory)" [_thread_blocked, id=1408, stack(0x000000001bc40000,0x000000001bd40000)]
  0x00000000192e9000 JavaThread "Cache worker for journal cache (C:\Users\TNC_10086\.gradle\caches\journal-1)" [_thread_blocked, id=212, stack(0x000000001a010000,0x000000001a110000)]
  0x00000000192e8000 JavaThread "File lock request listener" [_thread_in_native, id=7260, stack(0x000000001a170000,0x000000001a270000)]
  0x00000000192e2800 JavaThread "Cache worker for file hash cache (C:\Users\TNC_10086\.gradle\caches\6.7\fileHashes)" [_thread_blocked, id=16324, stack(0x0000000019e10000,0x0000000019f10000)]
  0x00000000172e9800 JavaThread "Daemon periodic checks" [_thread_blocked, id=15104, stack(0x0000000018240000,0x0000000018340000)]
  0x00000000172e8000 JavaThread "Incoming local TCP Connector on port 63217" [_thread_in_native, id=16208, stack(0x0000000018000000,0x0000000018100000)]
  0x0000000016ea9800 JavaThread "Daemon health stats" [_thread_blocked, id=6196, stack(0x00000000179c0000,0x0000000017ac0000)]
  0x0000000015a21000 JavaThread "Service Thread" daemon [_thread_blocked, id=13796, stack(0x0000000015df0000,0x0000000015ef0000)]
  0x00000000140af000 JavaThread "C1 CompilerThread2" daemon [_thread_blocked, id=12376, stack(0x00000000158f0000,0x00000000159f0000)]
=>0x0000000014083800 JavaThread "C2 CompilerThread1" daemon [_thread_in_native, id=15348, stack(0x00000000157f0000,0x00000000158f0000)]
  0x0000000014081800 JavaThread "C2 CompilerThread0" daemon [_thread_blocked, id=15604, stack(0x00000000156f0000,0x00000000157f0000)]
  0x0000000014078000 JavaThread "Attach Listener" daemon [_thread_blocked, id=7092, stack(0x00000000155f0000,0x00000000156f0000)]
  0x0000000014077000 JavaThread "Signal Dispatcher" daemon [_thread_blocked, id=11168, stack(0x00000000154f0000,0x00000000155f0000)]
  0x0000000002cfc800 JavaThread "Finalizer" daemon [_thread_blocked, id=13148, stack(0x00000000152f0000,0x00000000153f0000)]
  0x0000000002cf3800 JavaThread "Reference Handler" daemon [_thread_blocked, id=13644, stack(0x00000000151f0000,0x00000000152f0000)]
  0x0000000002c03800 JavaThread "main" [_thread_blocked, id=13044, stack(0x0000000002a10000,0x0000000002b10000)]

Other Threads:
  0x0000000014036000 VMThread [stack: 0x00000000150f0000,0x00000000151f0000] [id=4628]
  0x00000000140cd800 WatcherThread [stack: 0x0000000015ef0000,0x0000000015ff0000] [id=11160]

VM state:at safepoint (normal execution)

VM Mutex/Monitor currently owned by a thread:  ([mutex/lock_event])
[0x0000000002c00f50] Threads_lock - owner thread: 0x0000000014036000
[0x0000000002c00750] Heap_lock - owner thread: 0x0000000026eef000

heap address: 0x00000000e0000000, size: 512 MB, Compressed Oops mode: 32-bit
Narrow klass base: 0x0000000000000000, Narrow klass shift: 3
Compressed class space size: 1073741824 Address: 0x0000000100000000

Heap:
 PSYoungGen      total 147456K, used 134387K [0x00000000f5580000, 0x00000000ffd00000, 0x0000000100000000)
  eden space 125440K, 100% used [0x00000000f5580000,0x00000000fd000000,0x00000000fd000000)
  from space 22016K, 40% used [0x00000000fe780000,0x00000000ff03cfc0,0x00000000ffd00000)
  to   space 23040K, 61% used [0x00000000fd000000,0x00000000fdde7d48,0x00000000fe680000)
 ParOldGen       total 297472K, used 218288K [0x00000000e0000000, 0x00000000f2280000, 0x00000000f5580000)
  object space 297472K, 73% used [0x00000000e0000000,0x00000000ed52c020,0x00000000f2280000)
 Metaspace       used 130873K, capacity 141590K, committed 143768K, reserved 1173504K
  class space    used 16911K, capacity 19355K, committed 20120K, reserved 1048576K

Card table byte_map: [0x00000000120c0000,0x00000000121d0000] byte_map_base: 0x00000000119c0000

Marking Bits: (ParMarkBitMap*) 0x000000005f5223c0
 Begin Bits: [0x00000000125d0000, 0x0000000012dd0000)
 End Bits:   [0x0000000012dd0000, 0x00000000135d0000)

Polling page: 0x00000000029b0000

CodeCache: size=245760Kb used=108160Kb max_used=108179Kb free=137599Kb
 bounds [0x0000000002d00000, 0x0000000009790000, 0x0000000011d00000]
 total_blobs=29874 nmethods=28876 adapters=907
 compilation: enabled

Compilation events (10 events):
Event: 6792.417 Thread 0x00000000140af000 37988       2       com.android.tools.r8.s.a.p.a::a (2 bytes)
Event: 6792.417 Thread 0x00000000140af000 nmethod 37988 0x0000000006aecb50 code [0x0000000006aecca0, 0x0000000006aecdf0]
Event: 6792.456 Thread 0x00000000140af000 37991       2       com.android.tools.r8.s.b.j::a (392 bytes)
Event: 6792.458 Thread 0x00000000140af000 nmethod 37991 0x0000000004f630d0 code [0x0000000004f63320, 0x0000000004f63a68]
Event: 6792.493 Thread 0x0000000014081800 nmethod 37978% 0x0000000009769910 code [0x0000000009769cc0, 0x000000000976c1b0]
Event: 6792.493 Thread 0x0000000014081800 37990       4       com.android.tools.r8.ir.conversion.K::a (951 bytes)
Event: 6792.519 Thread 0x00000000140af000 37992       2       com.android.tools.r8.graph.G0$b::a (17 bytes)
Event: 6792.519 Thread 0x00000000140af000 nmethod 37992 0x0000000004997150 code [0x00000000049972c0, 0x00000000049974e8]
Event: 6792.527 Thread 0x00000000140af000 37993       2       com.android.tools.r8.graph.G0$a::a (48 bytes)
Event: 6792.527 Thread 0x00000000140af000 nmethod 37993 0x0000000004996c50 code [0x0000000004996dc0, 0x0000000004997038]

GC Heap History (10 events):
Event: 6784.589 GC heap before
{Heap before GC invocations=114 (full 6):
 PSYoungGen      total 132608K, used 132300K [0x00000000f5580000, 0x00000000ffe00000, 0x0000000100000000)
  eden space 120320K, 100% used [0x00000000f5580000,0x00000000fcb00000,0x00000000fcb00000)
  from space 12288K, 97% used [0x00000000fcb00000,0x00000000fd6b33f8,0x00000000fd700000)
  to   space 26112K, 0% used [0x00000000fe480000,0x00000000fe480000,0x00000000ffe00000)
 ParOldGen       total 297472K, used 177551K [0x00000000e0000000, 0x00000000f2280000, 0x00000000f5580000)
  object space 297472K, 59% used [0x00000000e0000000,0x00000000ead63e40,0x00000000f2280000)
 Metaspace       used 130741K, capacity 141356K, committed 143768K, reserved 1173504K
  class space    used 16905K, capacity 19354K, committed 20120K, reserved 1048576K
Event: 6784.626 GC heap after
Heap after GC invocations=114 (full 6):
 PSYoungGen      total 146432K, used 1472K [0x00000000f5580000, 0x0000000100000000, 0x0000000100000000)
  eden space 120320K, 0% used [0x00000000f5580000,0x00000000f5580000,0x00000000fcb00000)
  from space 26112K, 5% used [0x00000000fe480000,0x00000000fe5f0010,0x00000000ffe00000)
  to   space 26112K, 0% used [0x00000000fcb00000,0x00000000fcb00000,0x00000000fe480000)
 ParOldGen       total 297472K, used 186676K [0x00000000e0000000, 0x00000000f2280000, 0x00000000f5580000)
  object space 297472K, 62% used [0x00000000e0000000,0x00000000eb64d0a8,0x00000000f2280000)
 Metaspace       used 130741K, capacity 141356K, committed 143768K, reserved 1173504K
  class space    used 16905K, capacity 19354K, committed 20120K, reserved 1048576K
}
Event: 6787.144 GC heap before
{Heap before GC invocations=115 (full 6):
 PSYoungGen      total 146432K, used 121792K [0x00000000f5580000, 0x0000000100000000, 0x0000000100000000)
  eden space 120320K, 100% used [0x00000000f5580000,0x00000000fcb00000,0x00000000fcb00000)
  from space 26112K, 5% used [0x00000000fe480000,0x00000000fe5f0010,0x00000000ffe00000)
  to   space 26112K, 0% used [0x00000000fcb00000,0x00000000fcb00000,0x00000000fe480000)
 ParOldGen       total 297472K, used 186676K [0x00000000e0000000, 0x00000000f2280000, 0x00000000f5580000)
  object space 297472K, 62% used [0x00000000e0000000,0x00000000eb64d0a8,0x00000000f2280000)
 Metaspace       used 130763K, capacity 141440K, committed 143768K, reserved 1173504K
  class space    used 16906K, capacity 19354K, committed 20120K, reserved 1048576K
Event: 6787.281 GC heap after
Heap after GC invocations=115 (full 6):
 PSYoungGen      total 146432K, used 14153K [0x00000000f5580000, 0x0000000100000000, 0x0000000100000000)
  eden space 120320K, 0% used [0x00000000f5580000,0x00000000f5580000,0x00000000fcb00000)
  from space 26112K, 54% used [0x00000000fcb00000,0x00000000fd8d2760,0x00000000fe480000)
  to   space 26112K, 0% used [0x00000000fe680000,0x00000000fe680000,0x0000000100000000)
 ParOldGen       total 297472K, used 188009K [0x00000000e0000000, 0x00000000f2280000, 0x00000000f5580000)
  object space 297472K, 63% used [0x00000000e0000000,0x00000000eb79a448,0x00000000f2280000)
 Metaspace       used 130763K, capacity 141440K, committed 143768K, reserved 1173504K
  class space    used 16906K, capacity 19354K, committed 20120K, reserved 1048576K
}
Event: 6789.430 GC heap before
{Heap before GC invocations=116 (full 6):
 PSYoungGen      total 146432K, used 134473K [0x00000000f5580000, 0x0000000100000000, 0x0000000100000000)
  eden space 120320K, 100% used [0x00000000f5580000,0x00000000fcb00000,0x00000000fcb00000)
  from space 26112K, 54% used [0x00000000fcb00000,0x00000000fd8d2760,0x00000000fe480000)
  to   space 26112K, 0% used [0x00000000fe680000,0x00000000fe680000,0x0000000100000000)
 ParOldGen       total 297472K, used 188009K [0x00000000e0000000, 0x00000000f2280000, 0x00000000f5580000)
  object space 297472K, 63% used [0x00000000e0000000,0x00000000eb79a448,0x00000000f2280000)
 Metaspace       used 130791K, capacity 141440K, committed 143768K, reserved 1173504K
  class space    used 16907K, capacity 19354K, committed 20120K, reserved 1048576K
Event: 6789.468 GC heap after
Heap after GC invocations=116 (full 6):
 PSYoungGen      total 146432K, used 5314K [0x00000000f5580000, 0x00000000ffe00000, 0x0000000100000000)
  eden space 122368K, 0% used [0x00000000f5580000,0x00000000f5580000,0x00000000fcd00000)
  from space 24064K, 22% used [0x00000000fe680000,0x00000000febb0810,0x00000000ffe00000)
  to   space 25088K, 0% used [0x00000000fcd00000,0x00000000fcd00000,0x00000000fe580000)
 ParOldGen       total 297472K, used 196834K [0x00000000e0000000, 0x00000000f2280000, 0x00000000f5580000)
  object space 297472K, 66% used [0x00000000e0000000,0x00000000ec038810,0x00000000f2280000)
 Metaspace       used 130791K, capacity 141440K, committed 143768K, reserved 1173504K
  class space    used 16907K, capacity 19354K, committed 20120K, reserved 1048576K
}
Event: 6790.941 GC heap before
{Heap before GC invocations=117 (full 6):
 PSYoungGen      total 146432K, used 127682K [0x00000000f5580000, 0x00000000ffe00000, 0x0000000100000000)
  eden space 122368K, 100% used [0x00000000f5580000,0x00000000fcd00000,0x00000000fcd00000)
  from space 24064K, 22% used [0x00000000fe680000,0x00000000febb0810,0x00000000ffe00000)
  to   space 25088K, 0% used [0x00000000fcd00000,0x00000000fcd00000,0x00000000fe580000)
 ParOldGen       total 297472K, used 196834K [0x00000000e0000000, 0x00000000f2280000, 0x00000000f5580000)
  object space 297472K, 66% used [0x00000000e0000000,0x00000000ec038810,0x00000000f2280000)
 Metaspace       used 130820K, capacity 141456K, committed 143768K, reserved 1173504K
  class space    used 16907K, capacity 19354K, committed 20120K, reserved 1048576K
Event: 6790.986 GC heap after
Heap after GC invocations=117 (full 6):
 PSYoungGen      total 147456K, used 10618K [0x00000000f5580000, 0x00000000fff00000, 0x0000000100000000)
  eden space 122368K, 0% used [0x00000000f5580000,0x00000000f5580000,0x00000000fcd00000)
  from space 25088K, 42% used [0x00000000fcd00000,0x00000000fd75ea08,0x00000000fe580000)
  to   space 24064K, 0% used [0x00000000fe780000,0x00000000fe780000,0x00000000fff00000)
 ParOldGen       total 297472K, used 201314K [0x00000000e0000000, 0x00000000f2280000, 0x00000000f5580000)
  object space 297472K, 67% used [0x00000000e0000000,0x00000000ec498a60,0x00000000f2280000)
 Metaspace       used 130820K, capacity 141456K, committed 143768K, reserved 1173504K
  class space    used 16907K, capacity 19354K, committed 20120K, reserved 1048576K
}
Event: 6791.826 GC heap before
{Heap before GC invocations=118 (full 6):
 PSYoungGen      total 147456K, used 132986K [0x00000000f5580000, 0x00000000fff00000, 0x0000000100000000)
  eden space 122368K, 100% used [0x00000000f5580000,0x00000000fcd00000,0x00000000fcd00000)
  from space 25088K, 42% used [0x00000000fcd00000,0x00000000fd75ea08,0x00000000fe580000)
  to   space 24064K, 0% used [0x00000000fe780000,0x00000000fe780000,0x00000000fff00000)
 ParOldGen       total 297472K, used 201314K [0x00000000e0000000, 0x00000000f2280000, 0x00000000f5580000)
  object space 297472K, 67% used [0x00000000e0000000,0x00000000ec498a60,0x00000000f2280000)
 Metaspace       used 130841K, capacity 141462K, committed 143768K, reserved 1173504K
  class space    used 16909K, capacity 19355K, committed 20120K, reserved 1048576K
Event: 6791.903 GC heap after
Heap after GC invocations=118 (full 6):
 PSYoungGen      total 147456K, used 8947K [0x00000000f5580000, 0x00000000ffd00000, 0x0000000100000000)
  eden space 125440K, 0% used [0x00000000f5580000,0x00000000f5580000,0x00000000fd000000)
  from space 22016K, 40% used [0x00000000fe780000,0x00000000ff03cfc0,0x00000000ffd00000)
  to   space 23040K, 0% used [0x00000000fd000000,0x00000000fd000000,0x00000000fe680000)
 ParOldGen       total 297472K, used 210651K [0x00000000e0000000, 0x00000000f2280000, 0x00000000f5580000)
  object space 297472K, 70% used [0x00000000e0000000,0x00000000ecdb6de0,0x00000000f2280000)
 Metaspace       used 130841K, capacity 141462K, committed 143768K, reserved 1173504K
  class space    used 16909K, capacity 19355K, committed 20120K, reserved 1048576K
}

Deoptimization events (10 events):
Event: 6788.654 Thread 0x0000000026eea000 Uncommon trap: reason=unstable_if action=reinterpret pc=0x000000000615197c method=com.android.tools.r8.s.b.W0.equals(Ljava/lang/Object;)Z @ 60
Event: 6789.057 Thread 0x0000000026eea000 Uncommon trap: reason=class_check action=maybe_recompile pc=0x0000000006567fd8 method=com.android.tools.r8.s.a.h.e.b(Lcom/android/tools/r8/s/b/k0;)V @ 379
Event: 6790.726 Thread 0x0000000026eea000 Uncommon trap: reason=unstable_if action=reinterpret pc=0x00000000065cff5c method=com.android.tools.r8.ir.conversion.o.a(ILcom/android/tools/r8/ir/conversion/N;)I @ 148
Event: 6791.560 Thread 0x0000000026eef000 Uncommon trap: reason=unstable_if action=reinterpret pc=0x0000000005e2d428 method=com.android.tools.r8.z.a.a.B.a()Ljava/lang/String; @ 8
Event: 6791.574 Thread 0x0000000026eea000 Uncommon trap: reason=unstable_if action=reinterpret pc=0x00000000055ae04c method=com.android.tools.r8.z.a.a.f.a(II[C)Ljava/lang/String; @ 32
Event: 6791.574 Thread 0x0000000026eea000 Uncommon trap: reason=unstable_if action=reinterpret pc=0x00000000091e0384 method=com.android.tools.r8.graph.i0.a(C[BI)I @ 27
Event: 6791.677 Thread 0x0000000026eef000 Uncommon trap: reason=unstable_if action=reinterpret pc=0x0000000006ac537c method=com.android.tools.r8.graph.G0$d.c()V @ 786
Event: 6792.039 Thread 0x0000000026eea000 Uncommon trap: reason=unstable_if action=reinterpret pc=0x00000000086fc9ac method=com.google.common.base.Objects.equal(Ljava/lang/Object;Ljava/lang/Object;)Z @ 6
Event: 6792.039 Thread 0x0000000026eea000 Uncommon trap: reason=class_check action=maybe_recompile pc=0x0000000008351764 method=com.google.common.base.Joiner.toString(Ljava/lang/Object;)Ljava/lang/CharSequence; @ 6
Event: 6792.060 Thread 0x0000000026eea000 Uncommon trap: reason=unstable_if action=reinterpret pc=0x00000000066d8b1c method=java.util.TimSort.countRunAndMakeAscending([Ljava/lang/Object;IILjava/util/Comparator;)I @ 27

Classes redefined (0 events):
No events

Internal exceptions (10 events):
Event: 6785.471 Thread 0x0000000026eed800 Exception <a 'sun/nio/fs/WindowsException'> (0x00000000f833c0c8) thrown at [C:\cygwin64\tmp\build\source\java-1.8.0-openjdk\tmp\jdk8u\hotspot\src\share\vm\prims\jni.cpp, line 711]
Event: 6785.500 Thread 0x0000000026eef000 Exception <a 'sun/nio/fs/WindowsException'> (0x00000000f8c2f810) thrown at [C:\cygwin64\tmp\build\source\java-1.8.0-openjdk\tmp\jdk8u\hotspot\src\share\vm\prims\jni.cpp, line 711]
Event: 6786.196 Thread 0x0000000026eea000 Exception <a 'sun/nio/fs/WindowsException'> (0x00000000f9cbc988) thrown at [C:\cygwin64\tmp\build\source\java-1.8.0-openjdk\tmp\jdk8u\hotspot\src\share\vm\prims\jni.cpp, line 711]
Event: 6787.117 Thread 0x0000000026eed800 Exception <a 'sun/nio/fs/WindowsException'> (0x00000000fca808e8) thrown at [C:\cygwin64\tmp\build\source\java-1.8.0-openjdk\tmp\jdk8u\hotspot\src\share\vm\prims\jni.cpp, line 711]
Event: 6787.788 Thread 0x0000000026eef000 Exception <a 'sun/nio/fs/WindowsException'> (0x00000000f790cbc8) thrown at [C:\cygwin64\tmp\build\source\java-1.8.0-openjdk\tmp\jdk8u\hotspot\src\share\vm\prims\jni.cpp, line 711]
Event: 6789.980 Thread 0x0000000026eed800 Exception <a 'sun/nio/fs/WindowsException'> (0x00000000f7f84488) thrown at [C:\cygwin64\tmp\build\source\java-1.8.0-openjdk\tmp\jdk8u\hotspot\src\share\vm\prims\jni.cpp, line 711]
Event: 6791.548 Thread 0x0000000026eef000 Exception <a 'sun/nio/fs/WindowsException'> (0x00000000f9667418) thrown at [C:\cygwin64\tmp\build\source\java-1.8.0-openjdk\tmp\jdk8u\hotspot\src\share\vm\prims\jni.cpp, line 711]
Event: 6792.039 Thread 0x0000000026eea000 Implicit null exception at 0x00000000086fc556 to 0x00000000086fc991
Event: 6792.159 Thread 0x0000000026eea000 Exception <a 'sun/nio/fs/WindowsException'> (0x00000000f846fe70) thrown at [C:\cygwin64\tmp\build\source\java-1.8.0-openjdk\tmp\jdk8u\hotspot\src\share\vm\prims\jni.cpp, line 711]
Event: 6792.365 Thread 0x0000000026eea000 Exception <a 'sun/nio/fs/WindowsException'> (0x00000000fad536a0) thrown at [C:\cygwin64\tmp\build\source\java-1.8.0-openjdk\tmp\jdk8u\hotspot\src\share\vm\prims\jni.cpp, line 711]

Events (10 events):
Event: 6792.307 Thread 0x0000000026eed800 DEOPT UNPACKING pc=0x0000000002d475d0 sp=0x000000001d00b4c8 mode 0
Event: 6792.378 Thread 0x0000000026eea000 DEOPT PACKING pc=0x00000000033501c6 sp=0x000000001f18bdb0
Event: 6792.378 Thread 0x0000000026eea000 DEOPT UNPACKING pc=0x0000000002d475d0 sp=0x000000001f18bbc0 mode 0
Event: 6792.450 Thread 0x0000000026eef000 DEOPT PACKING pc=0x00000000062ca424 sp=0x000000001f28b470
Event: 6792.450 Thread 0x0000000026eef000 DEOPT UNPACKING pc=0x0000000002d475d0 sp=0x000000001f28b390 mode 0
Event: 6792.453 Thread 0x0000000026eef000 DEOPT PACKING pc=0x0000000005740218 sp=0x000000001f28b250
Event: 6792.453 Thread 0x0000000026eef000 DEOPT UNPACKING pc=0x0000000002d475d0 sp=0x000000001f28b170 mode 0
Event: 6792.466 Thread 0x0000000026eef000 DEOPT PACKING pc=0x000000000623ad4a sp=0x000000001f28b090
Event: 6792.466 Thread 0x0000000026eef000 DEOPT UNPACKING pc=0x0000000002d475d0 sp=0x000000001f28b0c8 mode 0
Event: 6792.608 Executing VM operation: ParallelGCFailedAllocation


Dynamic libraries:
0x00007ff7447e0000 - 0x00007ff744815000 	C:\Program Files\OpenJDK\openjdk-8u275-b01\bin\java.exe
0x00007ffdee6f0000 - 0x00007ffdee8e5000 	C:\WINDOWS\SYSTEM32\ntdll.dll
0x00007ffded5d0000 - 0x00007ffded68d000 	C:\WINDOWS\System32\KERNEL32.DLL
0x00007ffdec150000 - 0x00007ffdec419000 	C:\WINDOWS\System32\KERNELBASE.dll
0x00007ffdecf30000 - 0x00007ffdecfdc000 	C:\WINDOWS\System32\ADVAPI32.dll
0x00007ffdecb50000 - 0x00007ffdecbee000 	C:\WINDOWS\System32\msvcrt.dll
0x00007ffded000000 - 0x00007ffded09c000 	C:\WINDOWS\System32\sechost.dll
0x00007ffded0d0000 - 0x00007ffded1fb000 	C:\WINDOWS\System32\RPCRT4.dll
0x00007ffdecbf0000 - 0x00007ffdecd90000 	C:\WINDOWS\System32\USER32.dll
0x00007ffdec420000 - 0x00007ffdec442000 	C:\WINDOWS\System32\win32u.dll
0x00007ffdecd90000 - 0x00007ffdecdba000 	C:\WINDOWS\System32\GDI32.dll
0x00007ffdebe30000 - 0x00007ffdebf3b000 	C:\WINDOWS\System32\gdi32full.dll
0x00007ffdec550000 - 0x00007ffdec5ed000 	C:\WINDOWS\System32\msvcp_win.dll
0x00007ffdec450000 - 0x00007ffdec550000 	C:\WINDOWS\System32\ucrtbase.dll
0x00007ffde0c30000 - 0x00007ffde0eca000 	C:\WINDOWS\WinSxS\amd64_microsoft.windows.common-controls_6595b64144ccf1df_6.0.19041.844_none_ca00b6081b84eb1d\COMCTL32.dll
0x00007ffded0a0000 - 0x00007ffded0d0000 	C:\WINDOWS\System32\IMM32.DLL
0x000000005f7a0000 - 0x000000005f872000 	C:\Program Files\OpenJDK\openjdk-8u275-b01\jre\bin\msvcr100.dll
0x000000005ed10000 - 0x000000005f5a4000 	C:\Program Files\OpenJDK\openjdk-8u275-b01\jre\bin\server\jvm.dll
0x00007ffded690000 - 0x00007ffded698000 	C:\WINDOWS\System32\PSAPI.DLL
0x00007ffde60c0000 - 0x00007ffde60ca000 	C:\WINDOWS\SYSTEM32\VERSION.dll
0x00007ffde1ba0000 - 0x00007ffde1bc7000 	C:\WINDOWS\SYSTEM32\WINMM.dll
0x00007ffdd6ed0000 - 0x00007ffdd6ed9000 	C:\WINDOWS\SYSTEM32\WSOCK32.dll
0x00007ffded3b0000 - 0x00007ffded41b000 	C:\WINDOWS\System32\WS2_32.dll
0x00007ffdd6ac0000 - 0x00007ffdd6acf000 	C:\Program Files\OpenJDK\openjdk-8u275-b01\jre\bin\verify.dll
0x00007ffdd6380000 - 0x00007ffdd63a9000 	C:\Program Files\OpenJDK\openjdk-8u275-b01\jre\bin\java.dll
0x00007ffdd5440000 - 0x00007ffdd5456000 	C:\Program Files\OpenJDK\openjdk-8u275-b01\jre\bin\zip.dll
0x00007ffdedba0000 - 0x00007ffdee2e2000 	C:\WINDOWS\System32\SHELL32.dll
0x00007ffde9f70000 - 0x00007ffdea700000 	C:\WINDOWS\SYSTEM32\windows.storage.dll
0x00007ffdee350000 - 0x00007ffdee6a5000 	C:\WINDOWS\System32\combase.dll
0x00007ffdeb700000 - 0x00007ffdeb72c000 	C:\WINDOWS\SYSTEM32\Wldp.dll
0x00007ffdec770000 - 0x00007ffdec81e000 	C:\WINDOWS\System32\SHCORE.dll
0x00007ffdeced0000 - 0x00007ffdecf25000 	C:\WINDOWS\System32\shlwapi.dll
0x00007ffdebd70000 - 0x00007ffdebd8f000 	C:\WINDOWS\SYSTEM32\profapi.dll
0x00007ffdd5420000 - 0x00007ffdd543b000 	C:\Program Files\OpenJDK\openjdk-8u275-b01\jre\bin\net.dll
0x00007ffdeb4f0000 - 0x00007ffdeb55a000 	C:\WINDOWS\system32\mswsock.dll
0x00007ffdd5220000 - 0x00007ffdd5232000 	C:\Program Files\OpenJDK\openjdk-8u275-b01\jre\bin\nio.dll
0x00007ffdd3540000 - 0x00007ffdd3566000 	C:\Users\TNC_10086\.gradle\native\fdc75f09e3144964f2cf3f50f0aa648679c211496f362492102eb8c894070792\windows-amd64\native-platform.dll
0x00007ffdc7580000 - 0x00007ffdc7711000 	C:\Users\TNC_10086\.gradle\native\12488b8bf47d2d4c9fbf2f6322a914ad602e24e48041cd04a747c6da556b65c4\windows-amd64\native-platform-file-events.dll
0x00007ffdd5060000 - 0x00007ffdd506d000 	C:\Program Files\OpenJDK\openjdk-8u275-b01\jre\bin\management.dll
0x00007ffdeb740000 - 0x00007ffdeb758000 	C:\WINDOWS\SYSTEM32\CRYPTSP.dll
0x00007ffdeaeb0000 - 0x00007ffdeaee4000 	C:\WINDOWS\system32\rsaenh.dll
0x00007ffdec070000 - 0x00007ffdec097000 	C:\WINDOWS\System32\bcrypt.dll
0x00007ffdebcf0000 - 0x00007ffdebd1e000 	C:\WINDOWS\SYSTEM32\USERENV.dll
0x00007ffdebfa0000 - 0x00007ffdec020000 	C:\WINDOWS\System32\bcryptprimitives.dll
0x00007ffdeb670000 - 0x00007ffdeb67c000 	C:\WINDOWS\SYSTEM32\CRYPTBASE.dll
0x00007ffdeb200000 - 0x00007ffdeb23b000 	C:\WINDOWS\SYSTEM32\IPHLPAPI.DLL
0x00007ffdecfe0000 - 0x00007ffdecfe8000 	C:\WINDOWS\System32\NSI.dll
0x00007ffde6800000 - 0x00007ffde6817000 	C:\WINDOWS\SYSTEM32\dhcpcsvc6.DLL
0x00007ffde67e0000 - 0x00007ffde67fd000 	C:\WINDOWS\SYSTEM32\dhcpcsvc.DLL
0x00007ffdeb240000 - 0x00007ffdeb30b000 	C:\WINDOWS\SYSTEM32\DNSAPI.dll
0x00007ffde6950000 - 0x00007ffde695b000 	C:\WINDOWS\SYSTEM32\WINNSI.DLL
0x00007ffdd3670000 - 0x00007ffdd3694000 	C:\Program Files\OpenJDK\openjdk-8u275-b01\jre\bin\sunec.dll
0x00007ffde53d0000 - 0x00007ffde53da000 	C:\Windows\System32\rasadhlp.dll
0x00007ffde47d0000 - 0x00007ffde484f000 	C:\WINDOWS\System32\fwpuclnt.dll
0x00007ffdd3870000 - 0x00007ffdd387c000 	C:\Program Files\OpenJDK\openjdk-8u275-b01\jre\bin\sunmscapi.dll
0x00007ffdec5f0000 - 0x00007ffdec74f000 	C:\WINDOWS\System32\CRYPT32.dll
0x00007ffdeb7d0000 - 0x00007ffdeb7f7000 	C:\WINDOWS\SYSTEM32\ncrypt.dll
0x00007ffdeb790000 - 0x00007ffdeb7cb000 	C:\WINDOWS\SYSTEM32\NTASN1.dll
0x00007ffdeab10000 - 0x00007ffdeab43000 	C:\WINDOWS\SYSTEM32\ntmarta.dll
0x00007ffdd7170000 - 0x00007ffdd718e000 	C:\Users\TNC_10086\AppData\Local\Temp\native-platform8783487446360641714dir\native-platform.dll
0x00007ffde9780000 - 0x00007ffde9810000 	C:\WINDOWS\system32\apphelp.dll

VM Arguments:
jvm_args: -XX:MaxMetaspaceSize=256m -XX:+HeapDumpOnOutOfMemoryError -Xms256m -Xmx512m -Dfile.encoding=windows-1252 -Duser.country=SG -Duser.language=en -Duser.variant 
java_command: org.gradle.launcher.daemon.bootstrap.GradleDaemon 6.7
java_class_path (initial): C:\Users\TNC_10086\.gradle\wrapper\dists\gradle-6.7-all\cuy9mc7upwgwgeb72wkcrupxe\gradle-6.7\lib\gradle-launcher-6.7.jar
Launcher Type: SUN_STANDARD

Environment Variables:
JAVA_HOME=C:\Program Files\OpenJDK\openjdk-8u275-b01
CLASSPATH=D:\Reanimated prac\Social-media-React-Native\android\\gradle\wrapper\gradle-wrapper.jar
PATH=D:\Reanimated prac\Social-media-React-Native\android\node_modules\.bin;D:\Reanimated prac\Social-media-React-Native\node_modules\.bin;D:\Reanimated prac\node_modules\.bin;D:\node_modules\.bin;C:\Program Files\nodejs;D:\Reanimated prac\Social-media-React-Native\node_modules\.bin;D:\Reanimated prac\node_modules\.bin;D:\node_modules\.bin;C:\Users\TNC_10086\AppData\Roaming\npm\node_modules\npm\node_modules\@npmcli\run-script\lib\node-gyp-bin;C:\Program Files\Common Files\Oracle\Java\javapath;C:\Program Files (x86)\Intel\iCLS Client\;C:\Program Files\Intel\iCLS Client\;C:\WINDOWS\system32;C:\WINDOWS;C:\WINDOWS\System32\Wbem;C:\WINDOWS\System32\WindowsPowerShell\v1.0\;C:\Program Files (x86)\Intel\Intel(R) Management Engine Components\DAL;C:\Program Files\Intel\Intel(R) Management Engine Components\DAL;C:\Program Files (x86)\Intel\Intel(R) Management Engine Components\IPT;C:\Program Files\Intel\Intel(R) Management Engine Components\IPT;C:\WINDOWS\System32\OpenSSH\;C:\Program Files\Git\cmd;C:\ProgramData\chocolatey\bin;C:\Program Files\nodejs\;C:\Program Files\OpenJDK\openjdk-8u275-b01\bin;C:\Program Files\Docker\Docker\resources\bin;C:\ProgramData\DockerDesktop\version-bin;C:\Program Files\PuTTY\;C:\Program Files\MySQL\MySQL Server 8.0\bin;C:\Program Files\MySQL\MySQL Shell 8.0\bin\;C:\Users\TNC_10086\AppData\Local\Microsoft\WindowsApps;C:\Users\TNC_10086\AppData\Local\Programs\Microsoft VS Code\bin;C:\Users\TNC_10086\AppData\Local\Android\Sdk\platform-tools;C:\Users\TNC_10086\AppData\Roaming\npm;C:\Program Files\heroku\bin;D:\Reanimated prac\Social-media-React-Native\node_modules\.bin
USERNAME=TNC_10086
OS=Windows_NT
PROCESSOR_IDENTIFIER=Intel64 Family 6 Model 94 Stepping 3, GenuineIntel



---------------  S Y S T E M  ---------------

OS: Windows 10.0 , 64 bit Build 19041 (10.0.19041.804)

CPU:total 4 (initial active 4) (4 cores per cpu, 1 threads per core) family 6 model 94 stepping 3, cmov, cx8, fxsr, mmx, sse, sse2, sse3, ssse3, sse4.1, sse4.2, popcnt, avx, avx2, aes, clmul, erms, rtm, 3dnowpref, lzcnt, tsc, tscinvbit, bmi1, bmi2, adx

Memory: 4k page, physical 8266336k(330300k free), swap 12460640k(13600k free)

vm_info: OpenJDK 64-Bit Server VM (25.275-b01) for windows-amd64 JRE (1.8.0_275-b01), built on Nov  6 2020 13:43:37 by "build" with MS VC++ 10.0 (VS2010)

time: Tue Mar 30 16:13:26 2021
timezone: Arabian Standard Time
elapsed time: 6792.718042 seconds (0d 1h 53m 12s)

